========= Empieza traer equipos === 
====== teminar :  20-04-03 17:07:18
======== Equipo : 76 ======== 
======= Empieza traer API === 20-04-03 17:07:18=== Last | until =>  2020-02-11 16:05:50|2020-02-11 17:35:50
http://190.12.73.86/json/minesense/history.php
<Response [200]>
====== teminar :  20-04-03 17:07:18
========= Empieza Insertar en BD ===> 58
b"select public.datacamiones_tracking_update_last(76 ::bigint, ARRAY[0,0,0,0,0,0,0,0,0,0,0,0,0,0,0,0,0,0,0,0,0,0,0,0,0,0,0,0,0,0,0,0,0,0,0,0,0,0,0,0,0,0,0,0,0,0,0,0,0,0,0,0,0,0,0,0,0,0] ::  integer[],ARRAY[7.0,7.0,6.0,15.0,11.0,5.0,6.0,7.0,0.0,6.0,11.0,14.0,25.0,4.0,2.0,12.0,30.0,24.0,55.0,42.0,60.0,42.0,28.0,41.0,15.0,34.0,17.0,30.0,3.0,16.0,19.0,18.0,18.0,17.0,13.0,19.0,10.0,7.0,7.0,0.0,0.0,1.0,1.0,1.0,4.0,15.0,7.0,3.0,18.0,33.0,34.0,32.0,42.0,15.0,13.0,13.0,11.0,6.0] :: smallint[],ARRAY[283559.58520663815,283559.5449667316,283557.3591651016,283548.67229530617,283412.1261284376,283326.76689716306,283327.8477172456,283332.1709983894,283365.0145269041,283371.6444464617,283391.3569690161,283408.94810159935,283394.9135632088,283253.020731322,283255.2145933206,283262.836684783,283653.85087812797,283755.81949536817,284316.22733983555,285019.07503841113,284383.76600865857,285628.60634493263,285808.61940585857,286729.614045529,286866.7199461838,288661.96779450006,289814.29501728935,289827.258512367,290533.6137245638,291413.6563726858,291782.3535156157,291789.9319295117,291795.30252785713,291806.1456409185,291963.32865075127,292059.9303350345,292193.2503331909,292196.4759051977,292205.66759223206,292208.9322933674,292210.0205270681,292208.92447051185,292204.56371247536,292203.4754786623,292203.4911247771,292203.1382907437,292377.5598714383,292580.2434052724,292582.4745244197,292226.842440681,293096.28844464343,293072.6311042123,293044.40270184865,292161.46671471116,292154.8674409369,292169.4714819673,292139.9431717085,292146.385631744] :: bigint[],ARRAY[8664282.927915366,8664288.4599162,8664289.550475363,8664286.167909078,8664195.551078293,8664253.571978586,8664254.686309248,8664259.143631369,8664235.040653536,8664221.811404947,8664206.464481244,8664183.356886987,8664166.657820376,8664062.723627457,8664060.52668929,8664060.582218807,8664347.78802534,8664401.639168274,8663554.842920167,8660325.77448907,8655915.246525519,8651792.800179474,8651735.466959195,8651713.378892979,8651718.79662093,8648783.068318706,8647139.423968203,8647152.793955052,8647753.099729192,8648266.10298516,8647992.112108365,8647997.697914286,8648007.69375842,8648013.30269107,8647946.92431537,8648136.805842426,8648059.1931759,8648064.748079395,8648150.007305669,8648150.03038976,8648150.038084377,8648151.136752933,8648152.212337282,8648152.204642477,8648149.991916072,8648045.986076558,8648004.06869864,8647966.775550764,8647959.046385601,8646541.423802115,8645005.223027213,8644965.225087967,8644956.174496038,8644863.627244033,8644873.538245844,8645115.948019179,8645136.76069751,8645148.977002464] :: bigint[], ARRAY[213.0,213.0,212.0,209.0,208.0,210.0,210.0,209.0,207.0,212.0,214.0,211.0,211.0,206.0,204.0,203.0,209.0,218.0,211.0,161.0,99.0,65.0,66.0,94.0,102.0,131.0,139.0,137.0,148.0,184.0,163.0,163.0,163.0,163.0,149.0,141.0,127.0,127.0,128.0,128.0,128.0,129.0,130.0,129.0,130.0,131.0,121.0,109.0,108.0,102.0,40.0,39.0,39.0,20.0,21.0,30.0,35.0,35.0] :: bigint[],ARRAY[39.0,333.0,284.0,238.0,292.0,237.0,88.0,163.0,122.0,117.0,133.0,182.0,229.0,183.0,132.0,73.0,55.0,125.0,170.0,172.0,173.0,123.0,100.0,78.0,128.0,149.0,80.0,31.0,77.0,143.0,89.0,34.0,27.0,94.0,43.0,116.0,50.0,1.0,74.0,107.0,107.0,240.0,287.0,240.0,190.0,140.0,85.0,132.0,185.0,138.0,185.0,237.0,257.0,294.0,351.0,301.0,8.0,68.0] :: smallint[],ARRAY['2020-02-11 16:05:55','2020-02-11 16:05:58','2020-02-11 16:06:00','2020-02-11 16:06:03','2020-02-11 16:06:32','2020-02-11 16:07:09','2020-02-11 16:07:12','2020-02-11 16:07:18','2020-02-11 16:09:02','2020-02-11 16:25:44','2020-02-11 16:26:07','2020-02-11 16:26:16','2020-02-11 16:26:20','2020-02-11 16:27:50','2020-02-11 16:27:57','2020-02-11 16:28:00','2020-02-11 16:28:49','2020-02-11 16:30:52','2020-02-11 16:32:04','2020-02-11 16:35:52','2020-02-11 16:40:43','2020-02-11 16:45:31','2020-02-11 16:45:46','2020-02-11 16:50:11','2020-02-11 16:50:33','2020-02-11 16:57:21','2020-02-11 17:00:14','2020-02-11 17:00:17','2020-02-11 17:01:26','2020-02-11 17:03:45','2020-02-11 17:04:29','2020-02-11 17:04:31','2020-02-11 17:04:33','2020-02-11 17:04:36','2020-02-11 17:04:59','2020-02-11 17:05:32','2020-02-11 17:06:07','2020-02-11 17:06:09','2020-02-11 17:06:37','2020-02-11 17:06:51','2020-02-11 17:22:12','2020-02-11 17:22:18','2020-02-11 17:22:23','2020-02-11 17:22:27','2020-02-11 17:22:29','2020-02-11 17:23:18','2020-02-11 17:24:08','2020-02-11 17:25:00','2020-02-11 17:25:03','2020-02-11 17:31:17','2020-02-11 17:33:10','2020-02-11 17:33:15','2020-02-11 17:33:18','2020-02-11 17:34:36','2020-02-11 17:34:39','2020-02-11 17:35:28','2020-02-11 17:35:39','2020-02-11 17:35:44'] :: timestamp without time zone[],ARRAY['2020-02-11 16:05:55','2020-02-11 16:05:58','2020-02-11 16:06:00','2020-02-11 16:06:03','2020-02-11 16:06:32','2020-02-11 16:07:09','2020-02-11 16:07:12','2020-02-11 16:07:18','2020-02-11 16:09:02','2020-02-11 16:25:44','2020-02-11 16:26:07','2020-02-11 16:26:16','2020-02-11 16:26:20','2020-02-11 16:27:50','2020-02-11 16:27:57','2020-02-11 16:28:00','2020-02-11 16:28:49','2020-02-11 16:30:52','2020-02-11 16:32:04','2020-02-11 16:35:52','2020-02-11 16:40:43','2020-02-11 16:45:31','2020-02-11 16:45:46','2020-02-11 16:50:11','2020-02-11 16:50:33','2020-02-11 16:57:21','2020-02-11 17:00:14','2020-02-11 17:00:17','2020-02-11 17:01:26','2020-02-11 17:03:45','2020-02-11 17:04:29','2020-02-11 17:04:31','2020-02-11 17:04:33','2020-02-11 17:04:36','2020-02-11 17:04:59','2020-02-11 17:05:32','2020-02-11 17:06:07','2020-02-11 17:06:09','2020-02-11 17:06:37','2020-02-11 17:06:51','2020-02-11 17:22:12','2020-02-11 17:22:18','2020-02-11 17:22:23','2020-02-11 17:22:27','2020-02-11 17:22:29','2020-02-11 17:23:18','2020-02-11 17:24:08','2020-02-11 17:25:00','2020-02-11 17:25:03','2020-02-11 17:31:17','2020-02-11 17:33:10','2020-02-11 17:33:15','2020-02-11 17:33:18','2020-02-11 17:34:36','2020-02-11 17:34:39','2020-02-11 17:35:28','2020-02-11 17:35:39','2020-02-11 17:35:44'] :: timestamp without time zone[],ARRAY[283304.4194199642,283304.379180143,283302.1933786858,283293.50650946226,283156.96035102545,283071.60112673056,283072.68194675224,283077.0052276528,283109.84875345544,283116.4786723409,283136.19119325443,283153.7823242332,283139.7477865992,282997.8549633288,283000.04882513743,283007.67091605463,283398.6850856674,283500.6536964051,284061.06148810714,284763.9090882145,284128.6000382529,285373.4402239185,285553.4532710941,286474.4478444562,286611.5537353695,288406.8014113301,289559.1285270755,289572.09202142374,290278.4471919631,291158.48978468403,291527.186897118,291534.7653105543,291540.135908664,291550.9790210321,291708.1620186153,291804.76369880757,291938.0836862565,291941.30925811495,291950.50094576133,291953.76564666315,291954.853880286,291953.75782382465,291949.39706611657,291948.3088323814,291948.3244784621,291947.97164290416,292122.3932104787,292325.07672923704,292327.3078481093,291971.6757687236,292841.12168750854,292817.46434817614,292789.23594769987,291906.3000224361,291899.70074928226,291914.3047928786,291884.7764850453,291891.21894480137] :: bigint[], ARRAY[8663920.427030433,8663925.95903087,8663927.049589923,8663923.667023752,8663833.050197423,8663891.071092287,8663892.185422886,8663896.642744752,8663872.539769135,8663859.310521591,8663843.963599281,8663820.856006943,8663804.156941319,8663700.222753732,8663698.025815753,8663698.081345381,8663985.287137166,8664039.13827776,8663192.342098668,8659963.273909371,8655552.74625232,8651430.300220154,8651372.967006665,8651350.878955754,8651356.29668536,8648420.568620201,8646776.924404617,8646790.294390703,8647390.600132361,8647903.603364693,8647629.61251302,8647635.198318655,8647645.194162153,8647650.803094562,8647584.42472596,8647774.306240851,8647696.693581874,8647702.248485018,8647787.50770532,8647787.53078946,8647787.538484091,8647788.637152553,8647789.71273676,8647789.705041938,8647787.492315693,8647683.486483624,8647641.56911131,8647604.275969123,8647596.546804547,8646178.92431732,8644642.723665426,8644602.725728692,8644593.67513699,8644501.12787846,8644511.038879462,8644753.448635649,8644774.261312049,8644786.477616224] :: bigint[])"
====== temina :  20-04-03 17:07:20
========= Empieza traer equipos === 
====== teminar :  20-04-03 17:07:41
======== Equipo : 76 ======== 
======= Empieza traer API === 20-04-03 17:07:41=== Last | until =>  2020-02-11 17:07:08|2020-02-11 18:37:08
http://190.12.73.86/json/minesense/history.php
<Response [200]>
====== teminar :  20-04-03 17:07:41
========= Empieza Insertar en BD ===> 23
b"select public.datacamiones_tracking_update_last(76 ::bigint, ARRAY[0,0,0,0,0,0,0,0,0,0,0,0,0,0,0,0,0,0,0,0,0,0,0] ::  integer[],ARRAY[0.0,1.0,1.0,1.0,4.0,15.0,7.0,3.0,18.0,33.0,34.0,32.0,42.0,15.0,13.0,13.0,11.0,6.0,7.0,7.0,2.0,5.0,0.0] :: smallint[],ARRAY[292210.0205270681,292208.92447051185,292204.56371247536,292203.4754786623,292203.4911247771,292203.1382907437,292377.5598714383,292580.2434052724,292582.4745244197,292226.842440681,293096.28844464343,293072.6311042123,293044.40270184865,292161.46671471116,292154.8674409369,292169.4714819673,292139.9431717085,292146.385631744,292155.1063003359,292182.41131141246,292183.47590806236,292182.3956276996,292185.6992028999] :: bigint[],ARRAY[8648150.038084377,8648151.136752933,8648152.212337282,8648152.204642477,8648149.991916072,8648045.986076558,8648004.06869864,8647966.775550764,8647959.046385601,8646541.423802115,8645005.223027213,8644965.225087967,8644956.174496038,8644863.627244033,8644873.538245844,8645115.948019179,8645136.76069751,8645148.977002464,8645146.825980276,8645132.636054186,8645135.962862803,8645134.84878494,8645129.340095486] :: bigint[], ARRAY[128.0,129.0,130.0,129.0,130.0,131.0,121.0,109.0,108.0,102.0,40.0,39.0,39.0,20.0,21.0,30.0,35.0,35.0,39.0,38.0,37.0,37.0,46.0] :: bigint[],ARRAY[107.0,240.0,287.0,240.0,190.0,140.0,85.0,132.0,185.0,138.0,185.0,237.0,257.0,294.0,351.0,301.0,8.0,68.0,113.0,68.0,259.0,205.0,196.0] :: smallint[],ARRAY['2020-02-11 17:22:12','2020-02-11 17:22:18','2020-02-11 17:22:23','2020-02-11 17:22:27','2020-02-11 17:22:29','2020-02-11 17:23:18','2020-02-11 17:24:08','2020-02-11 17:25:00','2020-02-11 17:25:03','2020-02-11 17:31:17','2020-02-11 17:33:10','2020-02-11 17:33:15','2020-02-11 17:33:18','2020-02-11 17:34:36','2020-02-11 17:34:39','2020-02-11 17:35:28','2020-02-11 17:35:39','2020-02-11 17:35:44','2020-02-11 17:36:14','2020-02-11 17:36:31','2020-02-11 17:36:40','2020-02-11 17:36:41','2020-02-11 17:37:03'] :: timestamp without time zone[],ARRAY['2020-02-11 17:22:12','2020-02-11 17:22:18','2020-02-11 17:22:23','2020-02-11 17:22:27','2020-02-11 17:22:29','2020-02-11 17:23:18','2020-02-11 17:24:08','2020-02-11 17:25:00','2020-02-11 17:25:03','2020-02-11 17:31:17','2020-02-11 17:33:10','2020-02-11 17:33:15','2020-02-11 17:33:18','2020-02-11 17:34:36','2020-02-11 17:34:39','2020-02-11 17:35:28','2020-02-11 17:35:39','2020-02-11 17:35:44','2020-02-11 17:36:14','2020-02-11 17:36:31','2020-02-11 17:36:40','2020-02-11 17:36:41','2020-02-11 17:37:03'] :: timestamp without time zone[],ARRAY[291954.853880286,291953.75782382465,291949.39706611657,291948.3088323814,291948.3244784621,291947.97164290416,292122.3932104787,292325.07672923704,292327.3078481093,291971.6757687236,292841.12168750854,292817.46434817614,292789.23594769987,291906.3000224361,291899.70074928226,291914.3047928786,291884.7764850453,291891.21894480137,291899.93961273646,291927.2446216454,291928.30921826867,291927.22893796675,291930.53251284827] :: bigint[], ARRAY[8647787.538484091,8647788.637152553,8647789.71273676,8647789.705041938,8647787.492315693,8647683.486483624,8647641.56911131,8647604.275969123,8647596.546804547,8646178.92431732,8644642.723665426,8644602.725728692,8644593.67513699,8644501.12787846,8644511.038879462,8644753.448635649,8644774.261312049,8644786.477616224,8644784.32659432,8644770.136669653,8644773.463478047,8644772.349400248,8644766.840711238] :: bigint[])"
====== temina :  20-04-03 17:07:42
========= Empieza traer equipos === 
====== teminar :  20-04-03 17:09:52
======== Equipo : 76 ======== 
======= Empieza traer API === 20-04-03 17:09:52=== Last | until =>  2020-02-11 17:37:02|2020-02-11 19:07:02
http://190.12.73.86/json/minesense/history.php
<Response [200]>
====== teminar :  20-04-03 17:09:53
========= Empieza Insertar en BD ===> 1
b"select public.datacamiones_tracking_update_last(76 ::bigint, ARRAY[0] ::  integer[],ARRAY[0.0] :: smallint[],ARRAY[292185.6992028999] :: bigint[],ARRAY[8645129.340095486] :: bigint[], ARRAY[46.0] :: bigint[],ARRAY[196.0] :: smallint[],ARRAY['2020-02-11 17:37:03'] :: timestamp without time zone[],ARRAY['2020-02-11 17:37:03'] :: timestamp without time zone[],ARRAY[291930.53251284827] :: bigint[], ARRAY[8644766.840711238] :: bigint[])"
====== temina :  20-04-03 17:09:57
========= Empieza traer equipos === 
====== teminar :  20-04-03 17:27:22
======== Equipo : 76 ======== 
======= Empieza traer API === 20-04-03 17:27:22=== Last | until =>  2020-02-11 17:37:02|2020-02-11 19:07:02
http://190.12.73.86/json/minesense/history.php
<Response [200]>
====== teminar :  20-04-03 17:27:22
========= Empieza Insertar en BD ===> 1
b"select public.datacamiones_tracking_update_last(76 ::bigint, ARRAY[0] ::  integer[],ARRAY[0.0] :: smallint[],ARRAY[292185.6992028999] :: bigint[],ARRAY[8645129.340095486] :: bigint[], ARRAY[46.0] :: bigint[],ARRAY[196.0] :: smallint[],ARRAY['2020-02-11 17:37:03'] :: timestamp without time zone[],ARRAY['2020-02-11 17:37:03'] :: timestamp without time zone[],ARRAY[291930.53251284827] :: bigint[], ARRAY[8644766.840711238] :: bigint[])"
====== temina :  20-04-03 17:27:22
========= Empieza traer equipos === 
====== teminar :  20-04-03 17:29:15
======== Equipo : 76 ======== 
======= Empieza traer API === 20-04-03 17:29:15=== Last | until =>  2020-02-11 17:37:02|2020-02-11 19:07:02
http://190.12.73.86/json/minesense/history.php
<Response [200]>
====== teminar :  20-04-03 17:29:15
========= Empieza Insertar en BD ===> 1
b"select public.datacamiones_tracking_update_last(76 ::bigint, ARRAY[0] ::  integer[],ARRAY[0.0] :: smallint[],ARRAY[292185.6992028999] :: bigint[],ARRAY[8645129.340095486] :: bigint[], ARRAY[46.0] :: bigint[],ARRAY[196.0] :: smallint[],ARRAY['2020-02-11 17:37:03'] :: timestamp without time zone[],ARRAY['2020-02-11 17:37:03'] :: timestamp without time zone[],ARRAY[291930.53251284827] :: bigint[], ARRAY[8644766.840711238] :: bigint[])"
====== temina :  20-04-03 17:29:17
